#
# There is insufficient memory for the Java Runtime Environment to continue.
# Native memory allocation (malloc) failed to allocate 32744 bytes for ChunkPool::allocate
# Possible reasons:
#   The system is out of physical RAM or swap space
#   The process is running with CompressedOops enabled, and the Java Heap may be blocking the growth of the native heap
# Possible solutions:
#   Reduce memory load on the system
#   Increase physical memory or swap space
#   Check if swap backing store is full
#   Decrease Java heap size (-Xmx/-Xms)
#   Decrease number of Java threads
#   Decrease Java thread stack sizes (-Xss)
#   Set larger code cache with -XX:ReservedCodeCacheSize=
#   JVM is running with Unscaled Compressed Oops mode in which the Java heap is
#     placed in the first 4GB address space. The Java Heap base address is the
#     maximum limit for the native heap growth. Please use -XX:HeapBaseMinAddress
#     to set the Java Heap base and to place the Java Heap above 4GB virtual address.
# This output file may be truncated or incomplete.
#
#  Out of Memory Error (allocation.cpp:272), pid=21264, tid=0x00000000000014d4
#
# JRE version: OpenJDK Runtime Environment (8.0_202-b03) (build 1.8.0_202-release-1483-b03)
# Java VM: OpenJDK 64-Bit Server VM (25.202-b03 mixed mode windows-amd64 compressed oops)
# Failed to write core dump. Minidumps are not enabled by default on client versions of Windows
#

---------------  T H R E A D  ---------------

Current thread (0x0000000018cd3800):  JavaThread "C2 CompilerThread1" daemon [_thread_in_native, id=5332, stack(0x0000000019590000,0x0000000019690000)]

Stack: [0x0000000019590000,0x0000000019690000]
[error occurred during error reporting (printing stack bounds), id 0xc0000005]

Native frames: (J=compiled Java code, j=interpreted, Vv=VM code, C=native code)


Current CompileTask:
C2:3971413 20290       4       org.gradle.internal.serialize.BaseSerializerFactory$FileSerializer::write (10 bytes)


---------------  P R O C E S S  ---------------

Java Threads: ( => current thread )
  0x000000002066b000 JavaThread "Build operations Thread 8" [_thread_blocked, id=10880, stack(0x0000000023080000,0x0000000023180000)]
  0x000000002066a800 JavaThread "Build operations Thread 7" [_thread_blocked, id=21348, stack(0x0000000022f80000,0x0000000023080000)]
  0x000000002066c800 JavaThread "Build operations Thread 6" [_thread_blocked, id=25176, stack(0x0000000022e80000,0x0000000022f80000)]
  0x0000000020669000 JavaThread "Build operations Thread 5" [_thread_blocked, id=11332, stack(0x0000000022d80000,0x0000000022e80000)]
  0x0000000020874800 JavaThread "Build operations Thread 4" [_thread_blocked, id=2336, stack(0x0000000022c80000,0x0000000022d80000)]
  0x0000000020873800 JavaThread "Build operations Thread 3" [_thread_blocked, id=13364, stack(0x0000000022b80000,0x0000000022c80000)]
  0x0000000020872000 JavaThread "Build operations Thread 2" [_thread_blocked, id=10040, stack(0x0000000021610000,0x0000000021710000)]
  0x000000002086a800 JavaThread "Build operations" [_thread_blocked, id=6028, stack(0x000000001fb70000,0x000000001fc70000)]
  0x0000000020870800 JavaThread "Cache worker for cache directory md-rule (C:\Users\Gyuran\.gradle\caches\4.10.1\md-rule)" [_thread_blocked, id=1672, stack(0x000000001f7d0000,0x000000001f8d0000)]
  0x0000000020870000 JavaThread "Cache worker for cache directory md-supplier (C:\Users\Gyuran\.gradle\caches\4.10.1\md-supplier)" [_thread_blocked, id=1156, stack(0x000000001e400000,0x000000001e500000)]
  0x0000000020868800 JavaThread "Cache worker for file hash cache (C:\Users\Gyuran\AndroidStudioProjects\JMT_2\.gradle\4.10.1\fileHashes)" [_thread_blocked, id=25828, stack(0x000000001bc60000,0x000000001bd60000)]
  0x0000000020869000 JavaThread "Stdin handler" [_thread_blocked, id=16044, stack(0x000000001bb60000,0x000000001bc60000)]
  0x000000002086f000 JavaThread "Asynchronous log dispatcher for DefaultDaemonConnection: socket connection from /127.0.0.1:61776 to /127.0.0.1:63518" [_thread_blocked, id=25280, stack(0x000000001b860000,0x000000001b960000)]
  0x000000002086e800 JavaThread "Daemon worker Thread 9" [_thread_in_native, id=4536, stack(0x000000001b760000,0x000000001b860000)]
  0x000000002086a000 JavaThread "Cancel handler" [_thread_blocked, id=2092, stack(0x00000000010f0000,0x00000000011f0000)]
  0x000000002086d000 JavaThread "Handler for socket connection from /127.0.0.1:61776 to /127.0.0.1:63518" [_thread_in_native, id=23784, stack(0x0000000000ff0000,0x00000000010f0000)]
  0x0000000020866000 JavaThread "Daemon Thread 9" [_thread_blocked, id=10380, stack(0x0000000000df0000,0x0000000000ef0000)]
  0x000000001f4bb800 JavaThread "Cache worker for Java compile cache (C:\Users\Gyuran\.gradle\caches\4.10.1\javaCompile)" [_thread_blocked, id=20580, stack(0x00000000274b0000,0x00000000275b0000)]
  0x000000001f429000 JavaThread "Cache worker for file content cache (C:\Users\Gyuran\.gradle\caches\4.10.1\fileContent)" [_thread_blocked, id=23088, stack(0x00000000258c0000,0x00000000259c0000)]
  0x000000001f426800 JavaThread "Memory manager" [_thread_blocked, id=20596, stack(0x00000000257c0000,0x00000000258c0000)]
  0x0000000020867800 JavaThread "Cache worker for Artifact transforms cache (C:\Users\Gyuran\.gradle\caches\transforms-1)" [_thread_blocked, id=23880, stack(0x0000000021310000,0x0000000021410000)]
  0x0000000018d30800 JavaThread "Cache worker for journal cache (C:\Users\Gyuran\.gradle\caches\journal-1)" [_thread_blocked, id=2424, stack(0x000000001e500000,0x000000001e600000)]
  0x000000001c3f1000 JavaThread "File lock request listener" [_thread_in_native, id=6340, stack(0x000000001d330000,0x000000001d430000)]
  0x000000001c159000 JavaThread "Cache worker for file hash cache (C:\Users\Gyuran\.gradle\caches\4.10.1\fileHashes)" [_thread_blocked, id=11568, stack(0x000000001d230000,0x000000001d330000)]
  0x0000000019011800 JavaThread "Daemon periodic checks" [_thread_blocked, id=23952, stack(0x000000001b660000,0x000000001b760000)]
  0x0000000018e12800 JavaThread "Incoming local TCP Connector on port 61776" [_thread_in_native, id=14264, stack(0x000000001b480000,0x000000001b580000)]
  0x0000000018dba800 JavaThread "Service Thread" daemon [_thread_blocked, id=6220, stack(0x0000000019890000,0x0000000019990000)]
  0x0000000018d32000 JavaThread "C1 CompilerThread3" daemon [_thread_blocked, id=14192, stack(0x0000000019790000,0x0000000019890000)]
  0x0000000018d2f000 JavaThread "C2 CompilerThread2" daemon [_thread_in_native, id=372, stack(0x0000000019690000,0x0000000019790000)]
=>0x0000000018cd3800 JavaThread "C2 CompilerThread1" daemon [_thread_in_native, id=5332, stack(0x0000000019590000,0x0000000019690000)]
  0x0000000018cce000 JavaThread "C2 CompilerThread0" daemon [_thread_in_native, id=14400, stack(0x0000000019490000,0x0000000019590000)]
  0x0000000018ccc800 JavaThread "Attach Listener" daemon [_thread_blocked, id=13036, stack(0x0000000019390000,0x0000000019490000)]
  0x0000000018d28000 JavaThread "Signal Dispatcher" daemon [_thread_blocked, id=24476, stack(0x0000000019290000,0x0000000019390000)]
  0x0000000018cb1000 JavaThread "Finalizer" daemon [_thread_blocked, id=20728, stack(0x0000000019190000,0x0000000019290000)]
  0x0000000018cb0800 JavaThread "Reference Handler" daemon [_thread_blocked, id=19648, stack(0x0000000019090000,0x0000000019190000)]
  0x0000000002f0e800 JavaThread "main" [_thread_blocked, id=26560, stack(0x0000000002f10000,0x0000000003010000)]

Other Threads:
  0x0000000016ec6000 VMThread [stack: 0x0000000018b90000,0x0000000018c90000] [id=8740]
  0x0000000018dcb800 WatcherThread [stack: 0x0000000019990000,0x0000000019a90000] [id=11816]

VM state:not at safepoint (normal execution)

VM Mutex/Monitor currently owned by a thread: None

heap address: 0x00000000a0000000, size: 1536 MB, Compressed Oops mode: 32-bit
Narrow klass base: 0x0000000000000000, Narrow klass shift: 3
Compressed class space size: 1073741824 Address: 0x0000000100000000

Heap:
 PSYoungGen      total 381952K, used 356027K [0x00000000e0000000, 0x00000000fb580000, 0x0000000100000000)
  eden space 356352K, 97% used [0x00000000e0000000,0x00000000f531e848,0x00000000f5c00000)
  from space 25600K, 34% used [0x00000000f5c00000,0x00000000f6490448,0x00000000f7500000)
  to   space 25088K, 0% used [0x00000000f9d00000,0x00000000f9d00000,0x00000000fb580000)
 ParOldGen       total 151552K, used 106322K [0x00000000a0000000, 0x00000000a9400000, 0x00000000e0000000)
  object space 151552K, 70% used [0x00000000a0000000,0x00000000a67d4b88,0x00000000a9400000)
 Metaspace       used 87912K, capacity 92244K, committed 92544K, reserved 1130496K
  class space    used 11238K, capacity 12112K, committed 12160K, reserved 1048576K

Card table byte_map: [0x00000000124d0000,0x00000000127e0000] byte_map_base: 0x0000000011fd0000

Marking Bits: (ParMarkBitMap*) 0x000000006fa79f30
 Begin Bits: [0x00000000131e0000, 0x00000000149e0000)
 End Bits:   [0x00000000149e0000, 0x00000000161e0000)

Polling page: 0x0000000001290000

CodeCache: size=245760Kb used=56228Kb max_used=56236Kb free=189531Kb
 bounds [0x0000000003110000, 0x0000000006860000, 0x0000000012110000]
 total_blobs=16737 nmethods=15870 adapters=778
 compilation: enabled

Compilation events (10 events):
Event: 3971.379 Thread 0x0000000018d32000 20286       3       java.util.concurrent.ThreadPoolExecutor::compareAndIncrementWorkerCount (12 bytes)
Event: 3971.379 Thread 0x0000000018d32000 nmethod 20286 0x000000000477f510 code [0x000000000477f680, 0x000000000477f8d0]
Event: 3971.379 Thread 0x0000000018d32000 20287       3       java.util.concurrent.ThreadPoolExecutor$Worker::<init> (34 bytes)
Event: 3971.380 Thread 0x0000000018cd3800 nmethod 20285 0x00000000047b0b90 code [0x00000000047b0d20, 0x00000000047b0f70]
Event: 3971.384 Thread 0x0000000018d32000 nmethod 20287 0x0000000004278590 code [0x0000000004278720, 0x0000000004278c28]
Event: 3971.384 Thread 0x0000000018d32000 20288       3       java.lang.Thread::run (17 bytes)
Event: 3971.384 Thread 0x0000000018d32000 nmethod 20288 0x0000000004b0c190 code [0x0000000004b0c300, 0x0000000004b0c568]
Event: 3971.399 Thread 0x0000000018d32000 20289       1       org.gradle.api.internal.artifacts.ivyservice.resolveengine.artifact.ParallelResolveArtifactSet$VisitingSet$AsyncArtifactListenerAdapter::artifactAvailable (1 bytes)
Event: 3971.400 Thread 0x0000000018d32000 nmethod 20289 0x00000000047b0810 code [0x00000000047b0960, 0x00000000047b0a70]
Event: 3971.404 Thread 0x0000000018cd3800 20290       4       org.gradle.internal.serialize.BaseSerializerFactory$FileSerializer::write (10 bytes)

GC Heap History (10 events):
Event: 1851.006 GC heap before
{Heap before GC invocations=28 (full 3):
 PSYoungGen      total 288768K, used 279365K [0x00000000e0000000, 0x00000000f3b80000, 0x0000000100000000)
  eden space 264704K, 99% used [0x00000000e0000000,0x00000000f01e1630,0x00000000f0280000)
  from space 24064K, 63% used [0x00000000f2400000,0x00000000f32f01c8,0x00000000f3b80000)
  to   space 29184K, 0% used [0x00000000f0280000,0x00000000f0280000,0x00000000f1f00000)
 ParOldGen       total 151552K, used 86716K [0x00000000a0000000, 0x00000000a9400000, 0x00000000e0000000)
  object space 151552K, 57% used [0x00000000a0000000,0x00000000a54af230,0x00000000a9400000)
 Metaspace       used 85887K, capacity 89530K, committed 89856K, reserved 1126400K
  class space    used 11134K, capacity 11925K, committed 12032K, reserved 1048576K
Event: 1851.010 GC heap after
Heap after GC invocations=28 (full 3):
 PSYoungGen      total 293888K, used 96K [0x00000000e0000000, 0x00000000f7080000, 0x0000000100000000)
  eden space 264704K, 0% used [0x00000000e0000000,0x00000000e0000000,0x00000000f0280000)
  from space 29184K, 0% used [0x00000000f0280000,0x00000000f0298000,0x00000000f1f00000)
  to   space 29696K, 0% used [0x00000000f5380000,0x00000000f5380000,0x00000000f7080000)
 ParOldGen       total 151552K, used 98151K [0x00000000a0000000, 0x00000000a9400000, 0x00000000e0000000)
  object space 151552K, 64% used [0x00000000a0000000,0x00000000a5fd9e48,0x00000000a9400000)
 Metaspace       used 85887K, capacity 89530K, committed 89856K, reserved 1126400K
  class space    used 11134K, capacity 11925K, committed 12032K, reserved 1048576K
}
Event: 1935.768 GC heap before
{Heap before GC invocations=29 (full 3):
 PSYoungGen      total 293888K, used 264800K [0x00000000e0000000, 0x00000000f7080000, 0x0000000100000000)
  eden space 264704K, 100% used [0x00000000e0000000,0x00000000f0280000,0x00000000f0280000)
  from space 29184K, 0% used [0x00000000f0280000,0x00000000f0298000,0x00000000f1f00000)
  to   space 29696K, 0% used [0x00000000f5380000,0x00000000f5380000,0x00000000f7080000)
 ParOldGen       total 151552K, used 98151K [0x00000000a0000000, 0x00000000a9400000, 0x00000000e0000000)
  object space 151552K, 64% used [0x00000000a0000000,0x00000000a5fd9e48,0x00000000a9400000)
 Metaspace       used 86163K, capacity 89908K, committed 90112K, reserved 1128448K
  class space    used 11145K, capacity 11944K, committed 12032K, reserved 1048576K
Event: 1935.777 GC heap after
Heap after GC invocations=29 (full 3):
 PSYoungGen      total 334336K, used 11859K [0x00000000e0000000, 0x00000000f6880000, 0x0000000100000000)
  eden space 312832K, 0% used [0x00000000e0000000,0x00000000e0000000,0x00000000f3180000)
  from space 21504K, 55% used [0x00000000f5380000,0x00000000f5f14ca8,0x00000000f6880000)
  to   space 28160K, 0% used [0x00000000f3180000,0x00000000f3180000,0x00000000f4d00000)
 ParOldGen       total 151552K, used 98215K [0x00000000a0000000, 0x00000000a9400000, 0x00000000e0000000)
  object space 151552K, 64% used [0x00000000a0000000,0x00000000a5fe9e48,0x00000000a9400000)
 Metaspace       used 86163K, capacity 89908K, committed 90112K, reserved 1128448K
  class space    used 11145K, capacity 11944K, committed 12032K, reserved 1048576K
}
Event: 2006.539 GC heap before
{Heap before GC invocations=30 (full 3):
 PSYoungGen      total 334336K, used 324691K [0x00000000e0000000, 0x00000000f6880000, 0x0000000100000000)
  eden space 312832K, 100% used [0x00000000e0000000,0x00000000f3180000,0x00000000f3180000)
  from space 21504K, 55% used [0x00000000f5380000,0x00000000f5f14ca8,0x00000000f6880000)
  to   space 28160K, 0% used [0x00000000f3180000,0x00000000f3180000,0x00000000f4d00000)
 ParOldGen       total 151552K, used 98215K [0x00000000a0000000, 0x00000000a9400000, 0x00000000e0000000)
  object space 151552K, 64% used [0x00000000a0000000,0x00000000a5fe9e48,0x00000000a9400000)
 Metaspace       used 86611K, capacity 90326K, committed 90624K, reserved 1128448K
  class space    used 11154K, capacity 11959K, committed 12032K, reserved 1048576K
Event: 2006.584 GC heap after
Heap after GC invocations=30 (full 3):
 PSYoungGen      total 340992K, used 13756K [0x00000000e0000000, 0x00000000f9780000, 0x0000000100000000)
  eden space 312832K, 0% used [0x00000000e0000000,0x00000000e0000000,0x00000000f3180000)
  from space 28160K, 48% used [0x00000000f3180000,0x00000000f3eef3a0,0x00000000f4d00000)
  to   space 27136K, 0% used [0x00000000f7d00000,0x00000000f7d00000,0x00000000f9780000)
 ParOldGen       total 151552K, used 102462K [0x00000000a0000000, 0x00000000a9400000, 0x00000000e0000000)
  object space 151552K, 67% used [0x00000000a0000000,0x00000000a640f8a0,0x00000000a9400000)
 Metaspace       used 86611K, capacity 90326K, committed 90624K, reserved 1128448K
  class space    used 11154K, capacity 11959K, committed 12032K, reserved 1048576K
}
Event: 2214.215 GC heap before
{Heap before GC invocations=31 (full 3):
 PSYoungGen      total 340992K, used 326588K [0x00000000e0000000, 0x00000000f9780000, 0x0000000100000000)
  eden space 312832K, 100% used [0x00000000e0000000,0x00000000f3180000,0x00000000f3180000)
  from space 28160K, 48% used [0x00000000f3180000,0x00000000f3eef3a0,0x00000000f4d00000)
  to   space 27136K, 0% used [0x00000000f7d00000,0x00000000f7d00000,0x00000000f9780000)
 ParOldGen       total 151552K, used 102462K [0x00000000a0000000, 0x00000000a9400000, 0x00000000e0000000)
  object space 151552K, 67% used [0x00000000a0000000,0x00000000a640f8a0,0x00000000a9400000)
 Metaspace       used 87054K, capacity 90952K, committed 91136K, reserved 1128448K
  class space    used 11180K, capacity 12006K, committed 12032K, reserved 1048576K
Event: 2214.238 GC heap after
Heap after GC invocations=31 (full 3):
 PSYoungGen      total 373760K, used 10959K [0x00000000e0000000, 0x00000000f8e00000, 0x0000000100000000)
  eden space 356352K, 0% used [0x00000000e0000000,0x00000000e0000000,0x00000000f5c00000)
  from space 17408K, 62% used [0x00000000f7d00000,0x00000000f87b3ed0,0x00000000f8e00000)
  to   space 25600K, 0% used [0x00000000f5c00000,0x00000000f5c00000,0x00000000f7500000)
 ParOldGen       total 151552K, used 106314K [0x00000000a0000000, 0x00000000a9400000, 0x00000000e0000000)
  object space 151552K, 70% used [0x00000000a0000000,0x00000000a67d2b88,0x00000000a9400000)
 Metaspace       used 87054K, capacity 90952K, committed 91136K, reserved 1128448K
  class space    used 11180K, capacity 12006K, committed 12032K, reserved 1048576K
}
Event: 3453.829 GC heap before
{Heap before GC invocations=32 (full 3):
 PSYoungGen      total 373760K, used 367264K [0x00000000e0000000, 0x00000000f8e00000, 0x0000000100000000)
  eden space 356352K, 99% used [0x00000000e0000000,0x00000000f5bf4348,0x00000000f5c00000)
  from space 17408K, 62% used [0x00000000f7d00000,0x00000000f87b3ed0,0x00000000f8e00000)
  to   space 25600K, 0% used [0x00000000f5c00000,0x00000000f5c00000,0x00000000f7500000)
 ParOldGen       total 151552K, used 106314K [0x00000000a0000000, 0x00000000a9400000, 0x00000000e0000000)
  object space 151552K, 70% used [0x00000000a0000000,0x00000000a67d2b88,0x00000000a9400000)
 Metaspace       used 87501K, capacity 91570K, committed 91648K, reserved 1128448K
  class space    used 11189K, capacity 12023K, committed 12032K, reserved 1048576K
Event: 3453.885 GC heap after
Heap after GC invocations=32 (full 3):
 PSYoungGen      total 381952K, used 8769K [0x00000000e0000000, 0x00000000fb580000, 0x0000000100000000)
  eden space 356352K, 0% used [0x00000000e0000000,0x00000000e0000000,0x00000000f5c00000)
  from space 25600K, 34% used [0x00000000f5c00000,0x00000000f6490448,0x00000000f7500000)
  to   space 25088K, 0% used [0x00000000f9d00000,0x00000000f9d00000,0x00000000fb580000)
 ParOldGen       total 151552K, used 106322K [0x00000000a0000000, 0x00000000a9400000, 0x00000000e0000000)
  object space 151552K, 70% used [0x00000000a0000000,0x00000000a67d4b88,0x00000000a9400000)
 Metaspace       used 87501K, capacity 91570K, committed 91648K, reserved 1128448K
  class space    used 11189K, capacity 12023K, committed 12032K, reserved 1048576K
}

Deoptimization events (10 events):
Event: 3454.722 Thread 0x0000000020677000 Uncommon trap: reason=predicate action=maybe_recompile pc=0x000000000669f0ac method=com.google.common.collect.RegularImmutableMap.fromEntryArray(I[Ljava/util/Map$Entry;)Lcom/google/common/collect/ImmutableMap; @ 62
Event: 3454.722 Thread 0x0000000020677000 Uncommon trap: reason=array_check action=maybe_recompile pc=0x00000000063603e0 method=com.google.common.collect.RegularImmutableMap.fromEntryArray(I[Ljava/util/Map$Entry;)Lcom/google/common/collect/ImmutableMap; @ 157
Event: 3454.767 Thread 0x0000000020677000 Uncommon trap: reason=array_check action=maybe_recompile pc=0x0000000006765a70 method=com.google.common.collect.RegularImmutableMap.fromEntryArray(I[Ljava/util/Map$Entry;)Lcom/google/common/collect/ImmutableMap; @ 157
Event: 3642.443 Thread 0x000000001f4b8000 Uncommon trap: reason=array_check action=maybe_recompile pc=0x0000000006765a70 method=com.google.common.collect.RegularImmutableMap.fromEntryArray(I[Ljava/util/Map$Entry;)Lcom/google/common/collect/ImmutableMap; @ 157
Event: 3642.443 Thread 0x000000001f4b8000 Uncommon trap: reason=array_check action=maybe_recompile pc=0x0000000006765a70 method=com.google.common.collect.RegularImmutableMap.fromEntryArray(I[Ljava/util/Map$Entry;)Lcom/google/common/collect/ImmutableMap; @ 157
Event: 3642.471 Thread 0x000000001f4b8000 Uncommon trap: reason=null_check action=make_not_entrant pc=0x0000000004ff46a0 method=org.gradle.api.internal.collections.CollectionFilter.filter(Ljava/lang/Object;)Ljava/lang/Object; @ 5
Event: 3643.989 Thread 0x000000002066f000 Uncommon trap: reason=unstable_if action=reinterpret pc=0x0000000004b4096c method=com.android.ide.common.resources.ResourceMerger.filterAccept(Lcom/android/ide/common/resources/ResourceMergerItem;)Z @ 4
Event: 3644.139 Thread 0x000000002066f000 Uncommon trap: reason=bimorphic action=maybe_recompile pc=0x0000000004bf52d4 method=com.sun.org.apache.xerces.internal.dom.NodeImpl.appendChild(Lorg/w3c/dom/Node;)Lorg/w3c/dom/Node; @ 3
Event: 3644.139 Thread 0x000000002066f000 Uncommon trap: reason=bimorphic action=maybe_recompile pc=0x0000000004c0422c method=com.sun.org.apache.xerces.internal.dom.CoreDocumentImpl.isKidOK(Lorg/w3c/dom/Node;Lorg/w3c/dom/Node;)Z @ 39
Event: 3646.983 Thread 0x000000001f4b8000 Uncommon trap: reason=array_check action=maybe_recompile pc=0x00000000063603e0 method=com.google.common.collect.RegularImmutableMap.fromEntryArray(I[Ljava/util/Map$Entry;)Lcom/google/common/collect/ImmutableMap; @ 157

Classes redefined (0 events):
No events

Internal exceptions (10 events):
Event: 3642.546 Thread 0x000000001f4b8000 Exception <a 'sun/nio/fs/WindowsException'> (0x00000000e57ecab8) thrown at [D:\src\AOSP-openjdk-cygwin\jdk8u\hotspot\src\share\vm\prims\jni.cpp, line 710]
Event: 3642.547 Thread 0x000000001f4b8000 Exception <a 'sun/nio/fs/WindowsException'> (0x00000000e57f0708) thrown at [D:\src\AOSP-openjdk-cygwin\jdk8u\hotspot\src\share\vm\prims\jni.cpp, line 710]
Event: 3642.547 Thread 0x000000001f4b8000 Exception <a 'sun/nio/fs/WindowsException'> (0x00000000e57f14d8) thrown at [D:\src\AOSP-openjdk-cygwin\jdk8u\hotspot\src\share\vm\prims\jni.cpp, line 710]
Event: 3642.547 Thread 0x000000001f4b8000 Exception <a 'sun/nio/fs/WindowsException'> (0x00000000e57f36a8) thrown at [D:\src\AOSP-openjdk-cygwin\jdk8u\hotspot\src\share\vm\prims\jni.cpp, line 710]
Event: 3642.547 Thread 0x000000001f4b8000 Exception <a 'sun/nio/fs/WindowsException'> (0x00000000e57f44b8) thrown at [D:\src\AOSP-openjdk-cygwin\jdk8u\hotspot\src\share\vm\prims\jni.cpp, line 710]
Event: 3642.548 Thread 0x000000001f4b8000 Exception <a 'sun/nio/fs/WindowsException'> (0x00000000e57f76c0) thrown at [D:\src\AOSP-openjdk-cygwin\jdk8u\hotspot\src\share\vm\prims\jni.cpp, line 710]
Event: 3642.548 Thread 0x000000001f4b8000 Exception <a 'sun/nio/fs/WindowsException'> (0x00000000e57f8570) thrown at [D:\src\AOSP-openjdk-cygwin\jdk8u\hotspot\src\share\vm\prims\jni.cpp, line 710]
Event: 3642.548 Thread 0x000000001f4b8000 Exception <a 'sun/nio/fs/WindowsException'> (0x00000000e57fa830) thrown at [D:\src\AOSP-openjdk-cygwin\jdk8u\hotspot\src\share\vm\prims\jni.cpp, line 710]
Event: 3642.548 Thread 0x000000001f4b8000 Exception <a 'sun/nio/fs/WindowsException'> (0x00000000e57fb718) thrown at [D:\src\AOSP-openjdk-cygwin\jdk8u\hotspot\src\share\vm\prims\jni.cpp, line 710]
Event: 3643.989 Thread 0x000000002066f000 Implicit null exception at 0x0000000004b3faf3 to 0x0000000004b40955

Events (10 events):
Event: 3971.379 Thread 0x0000000020873800 Thread added: 0x0000000020873800
Event: 3971.379 Thread 0x0000000020874800 Thread added: 0x0000000020874800
Event: 3971.380 Thread 0x0000000020669000 Thread added: 0x0000000020669000
Event: 3971.380 Thread 0x000000002066c800 Thread added: 0x000000002066c800
Event: 3971.380 Thread 0x000000002066a800 Thread added: 0x000000002066a800
Event: 3971.380 Executing VM operation: RevokeBias
Event: 3971.382 Executing VM operation: RevokeBias done
Event: 3971.382 Executing VM operation: RevokeBias
Event: 3971.383 Thread 0x000000002066b000 Thread added: 0x000000002066b000
Event: 3971.384 Executing VM operation: RevokeBias done


Dynamic libraries:
0x00007ff65ff60000 - 0x00007ff65ff91000 	C:\Program Files\Android\Android Studio\jre\bin\java.exe
0x00007ffb27740000 - 0x00007ffb27930000 	C:\WINDOWS\SYSTEM32\ntdll.dll
0x00007ffb26d60000 - 0x00007ffb26e12000 	C:\WINDOWS\System32\KERNEL32.DLL
0x00007ffb24770000 - 0x00007ffb24a13000 	C:\WINDOWS\System32\KERNELBASE.dll
0x00007ffb26520000 - 0x00007ffb265c3000 	C:\WINDOWS\System32\ADVAPI32.dll
0x00007ffb26180000 - 0x00007ffb2621e000 	C:\WINDOWS\System32\msvcrt.dll
0x00007ffb269b0000 - 0x00007ffb26a47000 	C:\WINDOWS\System32\sechost.dll
0x00007ffb26220000 - 0x00007ffb26340000 	C:\WINDOWS\System32\RPCRT4.dll
0x00007ffb26a80000 - 0x00007ffb26c14000 	C:\WINDOWS\System32\USER32.dll
0x00007ffb24fd0000 - 0x00007ffb24ff1000 	C:\WINDOWS\System32\win32u.dll
0x00007ffb26a50000 - 0x00007ffb26a76000 	C:\WINDOWS\System32\GDI32.dll
0x00007ffb24dd0000 - 0x00007ffb24f64000 	C:\WINDOWS\System32\gdi32full.dll
0x00007ffb246d0000 - 0x00007ffb2476e000 	C:\WINDOWS\System32\msvcp_win.dll
0x00007ffb24cd0000 - 0x00007ffb24dca000 	C:\WINDOWS\System32\ucrtbase.dll
0x00007ffb10eb0000 - 0x00007ffb11135000 	C:\WINDOWS\WinSxS\amd64_microsoft.windows.common-controls_6595b64144ccf1df_6.0.18362.535_none_e6c3b34713100821\COMCTL32.dll
0x00007ffb26660000 - 0x00007ffb26996000 	C:\WINDOWS\System32\combase.dll
0x00007ffb24c50000 - 0x00007ffb24cd0000 	C:\WINDOWS\System32\bcryptPrimitives.dll
0x00007ffb26150000 - 0x00007ffb2617e000 	C:\WINDOWS\System32\IMM32.DLL
0x00000000705f0000 - 0x00000000706c2000 	C:\Program Files\Android\Android Studio\jre\jre\bin\msvcr100.dll
0x000000006f2b0000 - 0x000000006faf6000 	C:\Program Files\Android\Android Studio\jre\jre\bin\server\jvm.dll
0x00007ffb26c20000 - 0x00007ffb26c28000 	C:\WINDOWS\System32\PSAPI.DLL
0x00007ffb07aa0000 - 0x00007ffb07aa9000 	C:\WINDOWS\SYSTEM32\WSOCK32.dll
0x00007ffb27690000 - 0x00007ffb276ff000 	C:\WINDOWS\System32\WS2_32.dll
0x00007ffb20fd0000 - 0x00007ffb20ff4000 	C:\WINDOWS\SYSTEM32\WINMM.dll
0x00007ffb1d440000 - 0x00007ffb1d44a000 	C:\WINDOWS\SYSTEM32\VERSION.dll
0x00007ffb20fa0000 - 0x00007ffb20fcd000 	C:\WINDOWS\SYSTEM32\WINMMBASE.dll
0x00007ffb257a0000 - 0x00007ffb257ea000 	C:\WINDOWS\System32\cfgmgr32.dll
0x00007ffb1ca30000 - 0x00007ffb1ca3f000 	C:\Program Files\Android\Android Studio\jre\jre\bin\verify.dll
0x00007ffaf7780000 - 0x00007ffaf77a9000 	C:\Program Files\Android\Android Studio\jre\jre\bin\java.dll
0x00007ffaf8480000 - 0x00007ffaf8496000 	C:\Program Files\Android\Android Studio\jre\jre\bin\zip.dll
0x00007ffb257f0000 - 0x00007ffb25ed5000 	C:\WINDOWS\System32\SHELL32.dll
0x00007ffb26340000 - 0x00007ffb263e9000 	C:\WINDOWS\System32\shcore.dll
0x00007ffb25000000 - 0x00007ffb2577f000 	C:\WINDOWS\System32\windows.storage.dll
0x00007ffb24640000 - 0x00007ffb2465f000 	C:\WINDOWS\System32\profapi.dll
0x00007ffb24660000 - 0x00007ffb246aa000 	C:\WINDOWS\System32\powrprof.dll
0x00007ffb24610000 - 0x00007ffb24620000 	C:\WINDOWS\System32\UMPDC.dll
0x00007ffb25ee0000 - 0x00007ffb25f32000 	C:\WINDOWS\System32\shlwapi.dll
0x00007ffb24620000 - 0x00007ffb24631000 	C:\WINDOWS\System32\kernel.appcore.dll
0x00007ffb25780000 - 0x00007ffb25797000 	C:\WINDOWS\System32\cryptsp.dll
0x00007ffaf5540000 - 0x00007ffaf555a000 	C:\Program Files\Android\Android Studio\jre\jre\bin\net.dll
0x00007ffb23e80000 - 0x00007ffb23ee7000 	C:\WINDOWS\system32\mswsock.dll
0x00007ffaf5520000 - 0x00007ffaf5531000 	C:\Program Files\Android\Android Studio\jre\jre\bin\nio.dll
0x00007ffaf77b0000 - 0x00007ffaf77ce000 	C:\Users\Gyuran\.gradle\native\25\windows-amd64\native-platform.dll
0x00007ffb17be0000 - 0x00007ffb17bed000 	C:\Program Files\Android\Android Studio\jre\jre\bin\management.dll
0x00007ffb239f0000 - 0x00007ffb23a23000 	C:\WINDOWS\system32\rsaenh.dll
0x00007ffb24a20000 - 0x00007ffb24a46000 	C:\WINDOWS\System32\bcrypt.dll
0x00007ffb24530000 - 0x00007ffb24555000 	C:\WINDOWS\SYSTEM32\USERENV.dll
0x00007ffb24050000 - 0x00007ffb2405c000 	C:\WINDOWS\SYSTEM32\CRYPTBASE.dll
0x00007ffb23b90000 - 0x00007ffb23bca000 	C:\WINDOWS\SYSTEM32\IPHLPAPI.DLL
0x00007ffb27440000 - 0x00007ffb27448000 	C:\WINDOWS\System32\NSI.dll
0x00007ffb1a660000 - 0x00007ffb1a676000 	C:\WINDOWS\SYSTEM32\dhcpcsvc6.DLL
0x00007ffb1af10000 - 0x00007ffb1af2c000 	C:\WINDOWS\SYSTEM32\dhcpcsvc.DLL
0x00007ffb23bd0000 - 0x00007ffb23c9a000 	C:\WINDOWS\SYSTEM32\DNSAPI.dll

VM Arguments:
jvm_args: -Xmx1536m -Dfile.encoding=x-windows-949 -Duser.country=KR -Duser.language=ko -Duser.variant 
java_command: org.gradle.launcher.daemon.bootstrap.GradleDaemon 4.10.1
java_class_path (initial): C:\Users\Gyuran\.gradle\wrapper\dists\gradle-4.10.1-all\455itskqi2qtf0v2sja68alqd\gradle-4.10.1\lib\gradle-launcher-4.10.1.jar
Launcher Type: SUN_STANDARD

Environment Variables:
JAVA_HOME=C:\Program Files\Java\jdk-13.0.1
CLASSPATH=C:\Program Files\Java\jdk-13.0.1\lib
PATH=C:\Program Files\Java\jdk-13.0.1\bin;C:\Program Files (x86)\Intel\Intel(R) Management Engine Components\iCLS\;C:\Program Files\Intel\Intel(R) Management Engine Components\iCLS\;C:\windows\system32;C:\windows;C:\windows\System32\Wbem;C:\windows\System32\WindowsPowerShell\v1.0\;C:\windows\System32\OpenSSH\;C:\Program Files (x86)\Intel\Intel(R) Management Engine Components\DAL;C:\Program Files\Intel\Intel(R) Management Engine Components\DAL;C:\Program Files (x86)\NVIDIA Corporation\PhysX\Common;C:\Program Files\Intel\WiFi\bin\;C:\Program Files\Common Files\Intel\WirelessCommon\;C:\Users\Gyuran\espresso;C:\Program Files\Git\cmd;C:\WINDOWS\system32;C:\WINDOWS;C:\WINDOWS\System32\Wbem;C:\WINDOWS\System32\WindowsPowerShell\v1.0\;C:\WINDOWS\System32\OpenSSH\;C:\Users\Gyuran\AppData\Local\Programs\Python\Python37-32\Scripts\;C:\Users\Gyuran\AppData\Local\Programs\Python\Python37-32\;C:\Users\Gyuran\AppData\Local\Microsoft\WindowsApps;C:\Users\Gyuran\AppData\Local\GitHubDesktop\bin;%USERPROFILE%\AppData\Local\Microsoft\WindowsApps;
USERNAME=Gyuran
OS=Windows_NT
PROCESSOR_IDENTIFIER=Intel64 Family 6 Model 142 Stepping 11, GenuineIntel



---------------  S Y S T E M  ---------------

OS: Windows 10.0 , 64 bit Build 18362 (10.0.18362.329)

CPU:total 8 (initial active 8) (4 cores per cpu, 2 threads per core) family 6 model 142 stepping 11, cmov, cx8, fxsr, mmx, sse, sse2, sse3, ssse3, sse4.1, sse4.2, popcnt, avx, avx2, aes, clmul, erms, 3dnowpref, lzcnt, ht, tsc, tscinvbit, bmi1, bmi2, adx

Memory: 4k page, physical 8273912k(634460k free), swap 33439736k(6920k free)

vm_info: OpenJDK 64-Bit Server VM (25.202-b03) for windows-amd64 JRE (1.8.0_202-release-1483-b03), built by "builder" with MS VC++ 10.0 (VS2010)

time: Tue Jan 14 23:26:05 2020
timezone: 대한민국 표준시
elapsed time: 3971 seconds (0d 1h 6m 11s)

